Build started 10/2/2017 6:53:42 PM.
     1>Project "C:\Users\umfehr44.ENG\Desktop\Micromirror Project\failure\ConsoleApplication2\ConsoleApplication2\ConsoleApplication2.vcxproj" on node 2 (Build target(s)).
     1>ClCompile:
         C:\Program Files (x86)\Microsoft Visual Studio 11.0\VC\bin\CL.exe /c /ZI /nologo /W3 /WX- /Od /Oy- /D WIN32 /D _DEBUG /D _WINDOWS /D _USRDLL /D CONSOLEAPPLICATION2_EXPORTS /D _WINDLL /D _UNICODE /D UNICODE /Gm /EHsc /RTC1 /MDd /GS /fp:precise /Zc:wchar_t /Zc:forScope /Yu"stdafx.h" /Fp"Debug\ConsoleApplication2.pch" /Fo"Debug\\" /Fd"Debug\vc110.pdb" /Gd /TP /analyze- /errorReport:prompt "..\..\..\..\..\..\..\TexasInstruments-DLP\DLP-ALC-LIGHTCRAFTER-SDK-2.0\DLP-ALC-LIGHTCRAFTER-SDK\examples\parameter_file_io\parameter_file_io.cpp"
         parameter_file_io.cpp
     1>c:\texasinstruments-dlp\dlp-alc-lightcrafter-sdk-2.0\dlp-alc-lightcrafter-sdk\examples\parameter_file_io\parameter_file_io.cpp(100): fatal error C1010: unexpected end of file while looking for precompiled header. Did you forget to add '#include "stdafx.h"' to your source?
     1>Done Building Project "C:\Users\umfehr44.ENG\Desktop\Micromirror Project\failure\ConsoleApplication2\ConsoleApplication2\ConsoleApplication2.vcxproj" (Build target(s)) -- FAILED.

Build FAILED.

Time Elapsed 00:00:01.30
